This is pdfTeX, Version 3.14159265-2.6-1.40.21 (TeX Live 2020) (preloaded format=pdflatex 2021.1.15)  15 FEB 2021 12:07
entering extended mode
 restricted \write18 enabled.
 %&-line parsing enabled.
**krzywda_essay.tex
(./krzywda_essay.tex
LaTeX2e <2020-02-02> patch level 5
L3 programming layer <2020-04-06>
(/usr/share/texlive/texmf-dist/tex/latex/base/report.cls
Document Class: report 2019/12/20 v1.4l Standard LaTeX document class
(/usr/share/texlive/texmf-dist/tex/latex/base/size10.clo
File: size10.clo 2019/12/20 v1.4l Standard LaTeX file (size option)
)
\c@part=\count167
\c@chapter=\count168
\c@section=\count169
\c@subsection=\count170
\c@subsubsection=\count171
\c@paragraph=\count172
\c@subparagraph=\count173
\c@figure=\count174
\c@table=\count175
\abovecaptionskip=\skip47
\belowcaptionskip=\skip48
\bibindent=\dimen134
)
(/usr/share/texlive/texmf-dist/tex/latex/url/url.sty
\Urlmuskip=\muskip16
Package: url 2013/09/16  ver 3.4  Verb mode for urls, etc.
)
(/usr/share/texlive/texmf-dist/tex/latex/l3backend/l3backend-pdfmode.def
File: l3backend-pdfmode.def 2020-03-12 L3 backend support: PDF mode
\l__kernel_color_stack_int=\count176
\l__pdf_internal_box=\box45
)
(./krzywda_essay.aux)
\openout1 = `krzywda_essay.aux'.

LaTeX Font Info:    Checking defaults for OML/cmm/m/it on input line 8.
LaTeX Font Info:    ... okay on input line 8.
LaTeX Font Info:    Checking defaults for OMS/cmsy/m/n on input line 8.
LaTeX Font Info:    ... okay on input line 8.
LaTeX Font Info:    Checking defaults for OT1/cmr/m/n on input line 8.
LaTeX Font Info:    ... okay on input line 8.
LaTeX Font Info:    Checking defaults for T1/cmr/m/n on input line 8.
LaTeX Font Info:    ... okay on input line 8.
LaTeX Font Info:    Checking defaults for TS1/cmr/m/n on input line 8.
LaTeX Font Info:    ... okay on input line 8.
LaTeX Font Info:    Checking defaults for OMX/cmex/m/n on input line 8.
LaTeX Font Info:    ... okay on input line 8.
LaTeX Font Info:    Checking defaults for U/cmr/m/n on input line 8.
LaTeX Font Info:    ... okay on input line 8.
LaTeX Font Info:    External font `cmex10' loaded for size
(Font)              <12> on input line 10.
LaTeX Font Info:    External font `cmex10' loaded for size
(Font)              <8> on input line 10.
LaTeX Font Info:    External font `cmex10' loaded for size
(Font)              <6> on input line 10.
 [1

{/usr/share/texlive/texmf-dist/fonts/map/pdftex/updmap/pdftex.map}]
Underfull \hbox (badness 10000) in paragraph at lines 13--25

 []

LaTeX Font Info:    External font `cmex10' loaded for size
(Font)              <7> on input line 28.
LaTeX Font Info:    External font `cmex10' loaded for size
(Font)              <5> on input line 28.

Underfull \hbox (badness 10000) in paragraph at lines 26--42

 []

[1]
Underfull \hbox (badness 10000) in paragraph at lines 43--54

 []

[2] [3] (./krzywda_essay.aux) ) 
Here is how much of TeX's memory you used:
 484 strings out of 482555
 7660 string characters out of 5952145
 242651 words of memory out of 5000000
 16191 multiletter control sequences out of 15000+600000
 536481 words of font info for 38 fonts, out of 8000000 for 9000
 14 hyphenation exceptions out of 8191
 25i,6n,21p,190b,250s stack positions out of 5000i,500n,10000p,200000b,80000s
{/usr/share/texlive/texmf-dist/fonts/enc/dvips/c
m-super/cm-super-ts1.enc}</usr/share/texlive/texmf-dist/fonts/type1/public/amsf
onts/cm/cmbx12.pfb></usr/share/texlive/texmf-dist/fonts/type1/public/amsfonts/c
m/cmmi10.pfb></usr/share/texlive/texmf-dist/fonts/type1/public/amsfonts/cm/cmmi
7.pfb></usr/share/texlive/texmf-dist/fonts/type1/public/amsfonts/cm/cmr10.pfb><
/usr/share/texlive/texmf-dist/fonts/type1/public/amsfonts/cm/cmr12.pfb></usr/sh
are/texlive/texmf-dist/fonts/type1/public/amsfonts/cm/cmr17.pfb></usr/share/tex
live/texmf-dist/fonts/type1/public/amsfonts/cm/cmr5.pfb></usr/share/texlive/tex
mf-dist/fonts/type1/public/amsfonts/cm/cmr7.pfb></usr/share/texlive/texmf-dist/
fonts/type1/public/amsfonts/cm/cmsy10.pfb></usr/share/texlive/texmf-dist/fonts/
type1/public/amsfonts/cm/cmtt10.pfb></usr/share/texlive/texmf-dist/fonts/type1/
public/cm-super/sfrm1000.pfb>
Output written on krzywda_essay.pdf (4 pages, 118016 bytes).
PDF statistics:
 62 PDF objects out of 1000 (max. 8388607)
 44 compressed objects within 1 object stream
 0 named destinations out of 1000 (max. 500000)
 1 words of extra memory for PDF output out of 10000 (max. 10000000)

